{"level":"info","message":"GET / 404 139 - 3.224 ms","service":"my-app"}
{"level":"info","message":"GET / 404 139 - 1.506 ms","service":"my-app"}
{"level":"info","message":"GET / 404 139 - 0.880 ms","service":"my-app"}
{"level":"info","message":"GET / 404 139 - 2.160 ms","service":"my-app"}
{"level":"info","message":"GET / 404 139 - 1.061 ms","service":"my-app"}
{"level":"info","message":"GET / 404 139 - 1.361 ms","service":"my-app"}
{"level":"info","message":"GET / 200 39743 - 6.012 ms","service":"my-app"}
{"level":"info","message":"GET /assets/prism.css?v=1680522373524 200 1766 - 2.376 ms","service":"my-app"}
{"level":"info","message":"GET /assets/bootstrap.min.css?v=1680522373524 200 121457 - 2.744 ms","service":"my-app"}
{"level":"info","message":"GET /assets/main.css?v=1680522373524 200 9631 - 2.498 ms","service":"my-app"}
{"level":"info","message":"GET /assets/main.bundle.js?v=1680522373524 200 409077 - 2.472 ms","service":"my-app"}
{"level":"info","message":"GET /assets/favicon.ico?v=1680522373524 200 24838 - 0.386 ms","service":"my-app"}
{"level":"info","message":"GET / 404 139 - 10.932 ms","service":"my-app"}
{"level":"info","message":"GET / 404 139 - 1.754 ms","service":"my-app"}
{"level":"info","message":"GET / 404 139 - 0.692 ms","service":"my-app"}
{"level":"info","message":"GET /public 404 145 - 4.309 ms","service":"my-app"}
{"level":"info","message":"GET /public 404 145 - 2.890 ms","service":"my-app"}
{"level":"info","message":"GET /public 404 145 - 2.494 ms","service":"my-app"}
{"level":"info","message":"GET /public 404 145 - 0.313 ms","service":"my-app"}
{"level":"info","message":"GET /public 404 145 - 2.894 ms","service":"my-app"}
{"level":"info","message":"GET / 200 39743 - 4.310 ms","service":"my-app"}
{"level":"info","message":"GET /assets/prism.css?v=1680522495594 200 1766 - 4.107 ms","service":"my-app"}
{"level":"info","message":"GET /assets/main.css?v=1680522495594 200 9631 - 1.548 ms","service":"my-app"}
{"level":"info","message":"GET /assets/bootstrap.min.css?v=1680522495594 200 121457 - 5.994 ms","service":"my-app"}
{"level":"info","message":"GET /assets/main.bundle.js?v=1680522495594 200 409077 - 2.039 ms","service":"my-app"}
{"level":"info","message":"GET /assets/favicon.ico?v=1680522495594 200 24838 - 1.140 ms","service":"my-app"}
